INFO:Logger:Starting ichimoku screener
INFO:Logger:Filter Settings: {'volume_min': '400000', 'pe_min': '0', 'pe_max': '100', 'market_cap_min': '500000000', 'min_stock_value': '1'}
INFO:Logger:Found 8365 tickers using ftp
INFO:Logger:Analyzing ticker: A
INFO:Logger:Analyzing ticker: AA
INFO:Logger:Filtered data for AA
INFO:Logger:Analyzing ticker: AAAP
INFO:Logger:Filtered data for AAAP
INFO:Logger:Analyzing ticker: AAC
INFO:Logger:Filtered data for AAC
INFO:Logger:Analyzing ticker: AADR
INFO:Logger:Filtered data for AADR
INFO:Logger:Analyzing ticker: AAL
INFO:Logger:Analyzing ticker: AAMC
INFO:Logger:Filtered data for AAMC
INFO:Logger:Analyzing ticker: AAME
INFO:Logger:Filtered data for AAME
INFO:Logger:Analyzing ticker: AAN
INFO:Logger:Filtered data for AAN
INFO:Logger:Analyzing ticker: AAOI
INFO:Logger:Filtered data for AAOI
INFO:Logger:Analyzing ticker: AAON
INFO:Logger:Filtered data for AAON
INFO:Logger:Analyzing ticker: AAP
INFO:Logger:Filtered data for AAP
INFO:Logger:Analyzing ticker: AAPC
INFO:Logger:Filtered data for AAPC
INFO:Logger:Analyzing ticker: AAPL
INFO:Logger:Analyzing ticker: AAT
INFO:Logger:Filtered data for AAT
INFO:Logger:Analyzing ticker: AAU
INFO:Logger:Filtered data for AAU
INFO:Logger:Analyzing ticker: AAV
INFO:Logger:Filtered data for AAV
INFO:Logger:Analyzing ticker: AAWW
INFO:Logger:Filtered data for AAWW
INFO:Logger:Analyzing ticker: AAXJ
INFO:Logger:Filtered data for AAXJ
INFO:Logger:Analyzing ticker: AB
INFO:Logger:Filtered data for AB
INFO:Logger:Analyzing ticker: ABAC
INFO:Logger:Filtered data for ABAC
INFO:Logger:Analyzing ticker: ABAX
INFO:Logger:Filtered data for ABAX
INFO:Logger:Analyzing ticker: ABB
INFO:Logger:Filtered data for ABB
INFO:Logger:Analyzing ticker: ABBV
INFO:Logger:Filtered data for ABBV
INFO:Logger:Analyzing ticker: ABC
INFO:Logger:Analyzing ticker: ABCB
INFO:Logger:Filtered data for ABCB
INFO:Logger:Analyzing ticker: ABCD
INFO:Logger:Filtered data for ABCD
INFO:Logger:Analyzing ticker: ABCO
INFO:Logger:Filtered data for ABCO
INFO:Logger:Analyzing ticker: ABDC
INFO:Logger:Filtered data for ABDC
INFO:Logger:Analyzing ticker: ABE
INFO:Logger:Filtered data for ABE
INFO:Logger:Analyzing ticker: ABEO
INFO:Logger:Filtered data for ABEO
INFO:Logger:Analyzing ticker: ABEOW
INFO:Logger:Filtered data for ABEOW
INFO:Logger:Analyzing ticker: ABEV
INFO:Logger:Filtered data for ABEV
INFO:Logger:Analyzing ticker: ABG
INFO:Logger:Filtered data for ABG
INFO:Logger:Analyzing ticker: ABIL
INFO:Logger:Filtered data for ABIL
INFO:Logger:Analyzing ticker: ABIO
INFO:Logger:Filtered data for ABIO
INFO:Logger:Analyzing ticker: ABM
INFO:Logger:Filtered data for ABM
INFO:Logger:Analyzing ticker: ABMD
INFO:Logger:Filtered data for ABMD
INFO:Logger:Analyzing ticker: ABR
INFO:Logger:Filtered data for ABR
INFO:Logger:Analyzing ticker: ABRN
INFO:Logger:Filtered data for ABRN
INFO:Logger:Analyzing ticker: ABT
INFO:Logger:Analyzing ticker: ABTL
INFO:Logger:Filtered data for ABTL
INFO:Logger:Analyzing ticker: ABTX
INFO:Logger:Filtered data for ABTX
INFO:Logger:Analyzing ticker: ABUS
INFO:Logger:Filtered data for ABUS
INFO:Logger:Analyzing ticker: ABX
INFO:Logger:Filtered data for ABX
INFO:Logger:Analyzing ticker: ABY
INFO:Logger:Filtered data for ABY
INFO:Logger:Analyzing ticker: AC
INFO:Logger:Filtered data for AC
INFO:Logger:Analyzing ticker: ACAD
INFO:Logger:Filtered data for ACAD
INFO:Logger:Analyzing ticker: ACAS
INFO:Logger:Filtered data for ACAS
INFO:Logger:Analyzing ticker: ACAT
INFO:Logger:Filtered data for ACAT
INFO:Logger:Analyzing ticker: ACBI
INFO:Logger:Filtered data for ACBI
INFO:Logger:Analyzing ticker: ACC
INFO:Logger:Analyzing ticker: ACCO
INFO:Logger:Analyzing ticker: ACET
INFO:Logger:Filtered data for ACET
INFO:Logger:Analyzing ticker: ACFC
INFO:Logger:Filtered data for ACFC
INFO:Logger:Analyzing ticker: ACGL
INFO:Logger:Filtered data for ACGL
INFO:Logger:Analyzing ticker: ACH
INFO:Logger:Filtered data for ACH
INFO:Logger:Analyzing ticker: ACHC
INFO:Logger:Filtered data for ACHC
INFO:Logger:Analyzing ticker: ACHN
INFO:Logger:Filtered data for ACHN
INFO:Logger:Analyzing ticker: ACIA
INFO:Logger:Filtered data for ACIA
INFO:Logger:Analyzing ticker: ACIM
INFO:Logger:Filtered data for ACIM
INFO:Logger:Analyzing ticker: ACIW
INFO:Logger:Filtered data for ACIW
INFO:Logger:Analyzing ticker: ACLS
INFO:Logger:Filtered data for ACLS
INFO:Logger:Analyzing ticker: ACM
INFO:Logger:Analyzing ticker: ACN
INFO:Logger:Analyzing ticker: ACNB
INFO:Logger:Filtered data for ACNB
INFO:Logger:Analyzing ticker: ACOR
INFO:Logger:Filtered data for ACOR
INFO:Logger:Analyzing ticker: ACP
INFO:Logger:Filtered data for ACP
INFO:Logger:Analyzing ticker: ACPW
INFO:Logger:Filtered data for ACPW
INFO:Logger:Analyzing ticker: ACRE
INFO:Logger:Filtered data for ACRE
INFO:Logger:Analyzing ticker: ACRS
INFO:Logger:Filtered data for ACRS
INFO:Logger:Analyzing ticker: ACRX
INFO:Logger:Filtered data for ACRX
INFO:Logger:Analyzing ticker: ACSF
INFO:Logger:Filtered data for ACSF
INFO:Logger:Analyzing ticker: ACST
INFO:Logger:Filtered data for ACST
INFO:Logger:Analyzing ticker: ACT Symbol
ERROR:Logger:Daily data not found for ACT Symbol
INFO:Logger:Analyzing ticker: ACTA
INFO:Logger:Filtered data for ACTA
INFO:Logger:Analyzing ticker: ACTG
INFO:Logger:Filtered data for ACTG
INFO:Logger:Analyzing ticker: ACTS
INFO:Logger:Filtered data for ACTS
INFO:Logger:Analyzing ticker: ACTX
INFO:Logger:Filtered data for ACTX
INFO:Logger:Analyzing ticker: ACU
INFO:Logger:Filtered data for ACU
INFO:Logger:Analyzing ticker: ACUR
INFO:Logger:Filtered data for ACUR
INFO:Logger:Analyzing ticker: ACV
INFO:Logger:Filtered data for ACV
INFO:Logger:Analyzing ticker: ACW
INFO:Logger:Filtered data for ACW
INFO:Logger:Analyzing ticker: ACWF
INFO:Logger:Filtered data for ACWF
INFO:Logger:Analyzing ticker: ACWI
INFO:Logger:Filtered data for ACWI
INFO:Logger:Analyzing ticker: ACWV
INFO:Logger:Filtered data for ACWV
INFO:Logger:Analyzing ticker: ACWX
INFO:Logger:Filtered data for ACWX
INFO:Logger:Analyzing ticker: ACXM
INFO:Logger:Filtered data for ACXM
INFO:Logger:Analyzing ticker: ACY
INFO:Logger:Filtered data for ACY
INFO:Logger:Analyzing ticker: ADAP
INFO:Logger:Filtered data for ADAP
INFO:Logger:Analyzing ticker: ADBE
INFO:Logger:Filtered data for ADBE
INFO:Logger:Analyzing ticker: ADC
INFO:Logger:Filtered data for ADC
INFO:Logger:Analyzing ticker: ADES
INFO:Logger:Filtered data for ADES
INFO:Logger:Analyzing ticker: ADGE
INFO:Logger:Filtered data for ADGE
INFO:Logger:Analyzing ticker: ADHD
INFO:Logger:Filtered data for ADHD
INFO:Logger:Analyzing ticker: ADI
INFO:Logger:Analyzing ticker: ADK
INFO:Logger:Filtered data for ADK
INFO:Logger:Analyzing ticker: ADM
INFO:Logger:Analyzing ticker: ADMA
INFO:Logger:Filtered data for ADMA
INFO:Logger:Analyzing ticker: ADMP
INFO:Logger:Filtered data for ADMP
INFO:Logger:Analyzing ticker: ADMS
INFO:Logger:Filtered data for ADMS
INFO:Logger:Analyzing ticker: ADP
INFO:Logger:Analyzing ticker: ADPT
INFO:Logger:Analyzing ticker: ADRA
INFO:Logger:Filtered data for ADRA
INFO:Logger:Analyzing ticker: ADRD
INFO:Logger:Filtered data for ADRD
INFO:Logger:Analyzing ticker: ADRE
INFO:Logger:Filtered data for ADRE
INFO:Logger:Analyzing ticker: ADRO
INFO:Logger:Filtered data for ADRO
INFO:Logger:Analyzing ticker: ADRU
INFO:Logger:Filtered data for ADRU
INFO:Logger:Analyzing ticker: ADS
INFO:Logger:Analyzing ticker: ADSK
INFO:Logger:Filtered data for ADSK
INFO:Logger:Analyzing ticker: ADTN
INFO:Logger:Filtered data for ADTN
INFO:Logger:Analyzing ticker: ADUS
INFO:Logger:Filtered data for ADUS
INFO:Logger:Analyzing ticker: ADVM
INFO:Logger:Filtered data for ADVM
INFO:Logger:Analyzing ticker: ADX
INFO:Logger:Filtered data for ADX
INFO:Logger:Analyzing ticker: ADXS
INFO:Logger:Filtered data for ADXS
INFO:Logger:Analyzing ticker: ADXSW
INFO:Logger:Filtered data for ADXSW
INFO:Logger:Analyzing ticker: ADZ
INFO:Logger:Filtered data for ADZ
INFO:Logger:Analyzing ticker: AE
INFO:Logger:Filtered data for AE
INFO:Logger:Analyzing ticker: AEB
INFO:Logger:Filtered data for AEB
INFO:Logger:Analyzing ticker: AED
INFO:Logger:Filtered data for AED
INFO:Logger:Analyzing ticker: AEE
INFO:Logger:Analyzing ticker: AEG
INFO:Logger:Filtered data for AEG
INFO:Logger:Analyzing ticker: AEGN
INFO:Logger:Filtered data for AEGN
INFO:Logger:Analyzing ticker: AEGR
INFO:Logger:Filtered data for AEGR
INFO:Logger:Analyzing ticker: AEH
INFO:Logger:Filtered data for AEH
INFO:Logger:Analyzing ticker: AEHR
INFO:Logger:Filtered data for AEHR
INFO:Logger:Analyzing ticker: AEIS
INFO:Logger:Filtered data for AEIS
INFO:Logger:Analyzing ticker: AEK
INFO:Logger:Filtered data for AEK
INFO:Logger:Analyzing ticker: AEL
INFO:Logger:Analyzing ticker: AEM
INFO:Logger:Filtered data for AEM
INFO:Logger:Analyzing ticker: AEMD
INFO:Logger:Filtered data for AEMD
INFO:Logger:Analyzing ticker: AEO
INFO:Logger:Analyzing ticker: AEP
INFO:Logger:Analyzing ticker: AEPI
INFO:Logger:Filtered data for AEPI
INFO:Logger:Analyzing ticker: AER
INFO:Logger:Analyzing ticker: AERI
INFO:Logger:Filtered data for AERI
INFO:Logger:Analyzing ticker: AES
INFO:Logger:Filtered data for AES
INFO:Logger:Analyzing ticker: AET
INFO:Logger:Analyzing ticker: AETI
INFO:Logger:Filtered data for AETI
INFO:Logger:Analyzing ticker: AEUA
INFO:Logger:Filtered data for AEUA
INFO:Logger:Analyzing ticker: AEY
INFO:Logger:Filtered data for AEY
INFO:Logger:Analyzing ticker: AEZS
INFO:Logger:Filtered data for AEZS
INFO:Logger:Analyzing ticker: AF
INFO:Logger:Analyzing ticker: AFA
INFO:Logger:Filtered data for AFA
INFO:Logger:Analyzing ticker: AFAM
INFO:Logger:Filtered data for AFAM
INFO:Logger:Analyzing ticker: AFB
INFO:Logger:Filtered data for AFB
INFO:Logger:Analyzing ticker: AFC
INFO:Logger:Filtered data for AFC
INFO:Logger:Analyzing ticker: AFCO
INFO:Logger:Filtered data for AFCO
INFO:Logger:Analyzing ticker: AFG
INFO:Logger:Filtered data for AFG
INFO:Logger:Analyzing ticker: AFGE
INFO:Logger:Filtered data for AFGE
INFO:Logger:Analyzing ticker: AFGH
INFO:Logger:Filtered data for AFGH
INFO:Logger:Analyzing ticker: AFH
INFO:Logger:Filtered data for AFH
INFO:Logger:Analyzing ticker: AFI
INFO:Logger:Filtered data for AFI
INFO:Logger:Analyzing ticker: AFK
INFO:Logger:Filtered data for AFK
INFO:Logger:Analyzing ticker: AFL
INFO:Logger:Analyzing ticker: AFMD
INFO:Logger:Filtered data for AFMD
INFO:Logger:Analyzing ticker: AFSD
INFO:Logger:Filtered data for AFSD
INFO:Logger:Analyzing ticker: AFSI
INFO:Logger:Analyzing ticker: AFSS
INFO:Logger:Filtered data for AFSS
INFO:Logger:Analyzing ticker: AFST
INFO:Logger:Filtered data for AFST
INFO:Logger:Analyzing ticker: AFT
INFO:Logger:Filtered data for AFT
INFO:Logger:Analyzing ticker: AFTY
INFO:Logger:Filtered data for AFTY
INFO:Logger:Analyzing ticker: AFW
INFO:Logger:Filtered data for AFW
INFO:Logger:Analyzing ticker: AG
INFO:Logger:Filtered data for AG
INFO:Logger:Analyzing ticker: AGA
INFO:Logger:Filtered data for AGA
INFO:Logger:Analyzing ticker: AGC
INFO:Logger:Filtered data for AGC
INFO:Logger:Analyzing ticker: AGCO
INFO:Logger:Analyzing ticker: AGD
INFO:Logger:Filtered data for AGD
INFO:Logger:Analyzing ticker: AGEN
INFO:Logger:Filtered data for AGEN
INFO:Logger:Analyzing ticker: AGF
INFO:Logger:Filtered data for AGF
INFO:Logger:Analyzing ticker: AGFS
INFO:Logger:Filtered data for AGFS
INFO:Logger:Analyzing ticker: AGFSW
INFO:Logger:Filtered data for AGFSW
INFO:Logger:Analyzing ticker: AGG
INFO:Logger:Filtered data for AGG
INFO:Logger:Analyzing ticker: AGGE
INFO:Logger:Filtered data for AGGE
INFO:Logger:Analyzing ticker: AGGP
INFO:Logger:Filtered data for AGGP
INFO:Logger:Analyzing ticker: AGGY
INFO:Logger:Filtered data for AGGY
INFO:Logger:Analyzing ticker: AGI
INFO:Logger:Filtered data for AGI
INFO:Logger:Analyzing ticker: AGII
INFO:Logger:Filtered data for AGII
INFO:Logger:Analyzing ticker: AGIIL
INFO:Logger:Filtered data for AGIIL
INFO:Logger:Analyzing ticker: AGIO
INFO:Logger:Filtered data for AGIO
INFO:Logger:Analyzing ticker: AGLE
INFO:Logger:Filtered data for AGLE
INFO:Logger:Analyzing ticker: AGM
INFO:Logger:Filtered data for AGM
INFO:Logger:Analyzing ticker: AGN
INFO:Logger:Analyzing ticker: AGNC
INFO:Logger:Filtered data for AGNC
INFO:Logger:Analyzing ticker: AGNCB
INFO:Logger:Filtered data for AGNCB
INFO:Logger:Analyzing ticker: AGNCP
INFO:Logger:Filtered data for AGNCP
INFO:Logger:Analyzing ticker: AGND
INFO:Logger:Filtered data for AGND
INFO:Logger:Analyzing ticker: AGO
INFO:Logger:Analyzing ticker: AGQ
INFO:Logger:Filtered data for AGQ
INFO:Logger:Analyzing ticker: AGR
INFO:Logger:Analyzing ticker: AGRO
INFO:Logger:Filtered data for AGRO
INFO:Logger:Analyzing ticker: AGRX
INFO:Logger:Filtered data for AGRX
INFO:Logger:Analyzing ticker: AGTC
INFO:Logger:Filtered data for AGTC
INFO:Logger:Analyzing ticker: AGU
INFO:Logger:Analyzing ticker: AGX
INFO:Logger:Filtered data for AGX
INFO:Logger:Analyzing ticker: AGYS
INFO:Logger:Filtered data for AGYS
INFO:Logger:Analyzing ticker: AGZ
INFO:Logger:Filtered data for AGZ
INFO:Logger:Analyzing ticker: AGZD
INFO:Logger:Filtered data for AGZD
INFO:Logger:Analyzing ticker: AHC
INFO:Logger:Filtered data for AHC
INFO:Logger:Analyzing ticker: AHGP
INFO:Logger:Filtered data for AHGP
INFO:Logger:Analyzing ticker: AHH
INFO:Logger:Analyzing ticker: AHL
INFO:Logger:Filtered data for AHL
INFO:Logger:Analyzing ticker: AHP
INFO:Logger:Filtered data for AHP
INFO:Logger:Analyzing ticker: AHPI
INFO:Logger:Filtered data for AHPI
INFO:Logger:Analyzing ticker: AHS
INFO:Logger:Analyzing ticker: AHT
INFO:Logger:Filtered data for AHT
INFO:Logger:Analyzing ticker: AI
INFO:Logger:Filtered data for AI
INFO:Logger:Analyzing ticker: AIA
INFO:Logger:Filtered data for AIA
INFO:Logger:Analyzing ticker: AIB
INFO:Logger:Filtered data for AIB
INFO:Logger:Analyzing ticker: AIC
INFO:Logger:Filtered data for AIC
INFO:Logger:Analyzing ticker: AIF
INFO:Logger:Filtered data for AIF
INFO:Logger:Analyzing ticker: AIG
INFO:Logger:Filtered data for AIG
INFO:Logger:Analyzing ticker: AIII
INFO:Logger:Filtered data for AIII
INFO:Logger:Analyzing ticker: AIMC
INFO:Logger:Filtered data for AIMC
INFO:Logger:Analyzing ticker: AIMT
INFO:Logger:Filtered data for AIMT
INFO:Logger:Analyzing ticker: AIN
INFO:Logger:Filtered data for AIN
INFO:Logger:Analyzing ticker: AINC
INFO:Logger:Filtered data for AINC
INFO:Logger:Analyzing ticker: AINV
INFO:Logger:Filtered data for AINV
INFO:Logger:Analyzing ticker: AIQ
INFO:Logger:Filtered data for AIQ
INFO:Logger:Analyzing ticker: AIR
INFO:Logger:Filtered data for AIR
INFO:Logger:Analyzing ticker: AIRG
INFO:Logger:Filtered data for AIRG
INFO:Logger:Analyzing ticker: AIRI
INFO:Logger:Filtered data for AIRI
INFO:Logger:Analyzing ticker: AIRM
INFO:Logger:Filtered data for AIRM
INFO:Logger:Analyzing ticker: AIRR
INFO:Logger:Filtered data for AIRR
INFO:Logger:Analyzing ticker: AIRT
INFO:Logger:Filtered data for AIRT
INFO:Logger:Analyzing ticker: AIT
INFO:Logger:Filtered data for AIT
INFO:Logger:Analyzing ticker: AIV
INFO:Logger:Analyzing ticker: AIW
INFO:Logger:Filtered data for AIW
INFO:Logger:Analyzing ticker: AIXG
INFO:Logger:Filtered data for AIXG
INFO:Logger:Analyzing ticker: AIY
INFO:Logger:Filtered data for AIY
INFO:Logger:Analyzing ticker: AIZ
INFO:Logger:Analyzing ticker: AJG
INFO:Logger:Analyzing ticker: AJRD
INFO:Logger:Filtered data for AJRD
INFO:Logger:Analyzing ticker: AJX
INFO:Logger:Filtered data for AJX
INFO:Logger:Analyzing ticker: AKAM
INFO:Logger:Analyzing ticker: AKAO
INFO:Logger:Filtered data for AKAO
INFO:Logger:Analyzing ticker: AKBA
INFO:Logger:Filtered data for AKBA
INFO:Logger:Analyzing ticker: AKER
INFO:Logger:Filtered data for AKER
INFO:Logger:Analyzing ticker: AKG
INFO:Logger:Filtered data for AKG
INFO:Logger:Analyzing ticker: AKP
INFO:Logger:Filtered data for AKP
INFO:Logger:Analyzing ticker: AKR
INFO:Logger:Analyzing ticker: AKRX
INFO:Logger:Filtered data for AKRX
INFO:Logger:Analyzing ticker: AKS
INFO:Logger:Filtered data for AKS
INFO:Logger:Analyzing ticker: AKTX
INFO:Logger:Filtered data for AKTX
INFO:Logger:Analyzing ticker: AL
INFO:Logger:Analyzing ticker: ALB
INFO:Logger:Filtered data for ALB
INFO:Logger:Analyzing ticker: ALCO
INFO:Logger:Filtered data for ALCO
INFO:Logger:Analyzing ticker: ALD
INFO:Logger:Filtered data for ALD
INFO:Logger:Analyzing ticker: ALDR
INFO:Logger:Filtered data for ALDR
INFO:Logger:Analyzing ticker: ALDW
INFO:Logger:Filtered data for ALDW
INFO:Logger:Analyzing ticker: ALDX
INFO:Logger:Filtered data for ALDX
INFO:Logger:Analyzing ticker: ALE
INFO:Logger:Filtered data for ALE
INFO:Logger:Analyzing ticker: ALEX
INFO:Logger:Filtered data for ALEX
INFO:Logger:Analyzing ticker: ALFA
INFO:Logger:Filtered data for ALFA
INFO:Logger:Analyzing ticker: ALFI
INFO:Logger:Filtered data for ALFI
INFO:Logger:Analyzing ticker: ALG
INFO:Logger:Filtered data for ALG
INFO:Logger:Analyzing ticker: ALGN
