INFO:Logger:Analyzing ticker: A
INFO:Logger:Analyzing ticker: AA
INFO:Logger:Analyzing ticker: AAAP
INFO:Logger:Analyzing ticker: AAC
INFO:Logger:Analyzing ticker: AAL
INFO:Logger:Analyzing ticker: AAMC
INFO:Logger:Analyzing ticker: AAME
INFO:Logger:Analyzing ticker: AAN
INFO:Logger:Analyzing ticker: AAOI
INFO:Logger:Analyzing ticker: AAON
INFO:Logger:Analyzing ticker: AAP
INFO:Logger:Analyzing ticker: AAPC
INFO:Logger:Analyzing ticker: AAPL
INFO:Logger:Analyzing ticker: AAT
INFO:Logger:Analyzing ticker: AAU
INFO:Logger:Analyzing ticker: AAV
INFO:Logger:Analyzing ticker: AAWW
INFO:Logger:Analyzing ticker: AAXJ
INFO:Logger:Analyzing ticker: AB
INFO:Logger:Analyzing ticker: ABAC
INFO:Logger:Analyzing ticker: ABAX
INFO:Logger:Analyzing ticker: ABB
INFO:Logger:Analyzing ticker: ABBV
INFO:Logger:Analyzing ticker: ABC
INFO:Logger:Analyzing ticker: ABCB
INFO:Logger:Analyzing ticker: ABCD
INFO:Logger:Analyzing ticker: ABCO
INFO:Logger:Analyzing ticker: ABDC
INFO:Logger:Analyzing ticker: ABE           
INFO:Logger:Analyzing ticker: ABEO
INFO:Logger:Analyzing ticker: ABEOW
INFO:Logger:Analyzing ticker: ABEV
INFO:Logger:Analyzing ticker: ABG
INFO:Logger:Analyzing ticker: ABIL
